<?xml version="1.0" encoding="UTF-8"?>
<testsuite xmlns:xsi="http://www.w3.org/2001/XMLSchema-instance" xsi:noNamespaceSchemaLocation="https://maven.apache.org/surefire/maven-surefire-plugin/xsd/surefire-test-report.xsd" name="bpd.graphql.TestParser" time="4.328" tests="1" errors="0" skipped="0" failures="0">
  <properties>
    <property name="sun.desktop" value="windows"/>
    <property name="awt.toolkit" value="sun.awt.windows.WToolkit"/>
    <property name="file.encoding.pkg" value="sun.io"/>
    <property name="java.specification.version" value="1.8"/>
    <property name="sun.cpu.isalist" value="amd64"/>
    <property name="sun.jnu.encoding" value="Cp1252"/>
    <property name="java.class.path" value="C:\Users\ailori\OneDrive - Inlaks Limited\Documents\NetBeansProjects\graphql-cbd\target\test-classes;C:\Users\ailori\OneDrive - Inlaks Limited\Documents\NetBeansProjects\graphql-cbd\target\classes;C:\Users\ailori\Documents\localRepository\org\springframework\boot\spring-boot-starter-test\2.0.3.RELEASE\spring-boot-starter-test-2.0.3.RELEASE.jar;C:\Users\ailori\Documents\localRepository\org\springframework\boot\spring-boot-starter\2.0.3.RELEASE\spring-boot-starter-2.0.3.RELEASE.jar;C:\Users\ailori\Documents\localRepository\org\springframework\boot\spring-boot\2.0.3.RELEASE\spring-boot-2.0.3.RELEASE.jar;C:\Users\ailori\Documents\localRepository\org\springframework\spring-context\5.0.7.RELEASE\spring-context-5.0.7.RELEASE.jar;C:\Users\ailori\Documents\localRepository\org\springframework\spring-aop\5.0.7.RELEASE\spring-aop-5.0.7.RELEASE.jar;C:\Users\ailori\Documents\localRepository\org\springframework\spring-beans\5.0.7.RELEASE\spring-beans-5.0.7.RELEASE.jar;C:\Users\ailori\Documents\localRepository\org\springframework\spring-expression\5.0.7.RELEASE\spring-expression-5.0.7.RELEASE.jar;C:\Users\ailori\Documents\localRepository\org\springframework\boot\spring-boot-autoconfigure\2.0.3.RELEASE\spring-boot-autoconfigure-2.0.3.RELEASE.jar;C:\Users\ailori\Documents\localRepository\org\springframework\boot\spring-boot-starter-logging\2.0.3.RELEASE\spring-boot-starter-logging-2.0.3.RELEASE.jar;C:\Users\ailori\Documents\localRepository\ch\qos\logback\logback-classic\1.2.3\logback-classic-1.2.3.jar;C:\Users\ailori\Documents\localRepository\ch\qos\logback\logback-core\1.2.3\logback-core-1.2.3.jar;C:\Users\ailori\Documents\localRepository\org\apache\logging\log4j\log4j-to-slf4j\2.10.0\log4j-to-slf4j-2.10.0.jar;C:\Users\ailori\Documents\localRepository\org\apache\logging\log4j\log4j-api\2.10.0\log4j-api-2.10.0.jar;C:\Users\ailori\Documents\localRepository\org\slf4j\jul-to-slf4j\1.7.25\jul-to-slf4j-1.7.25.jar;C:\Users\ailori\Documents\localRepository\javax\annotation\javax.annotation-api\1.3.2\javax.annotation-api-1.3.2.jar;C:\Users\ailori\Documents\localRepository\org\yaml\snakeyaml\1.19\snakeyaml-1.19.jar;C:\Users\ailori\Documents\localRepository\org\springframework\boot\spring-boot-test\2.0.3.RELEASE\spring-boot-test-2.0.3.RELEASE.jar;C:\Users\ailori\Documents\localRepository\org\springframework\boot\spring-boot-test-autoconfigure\2.0.3.RELEASE\spring-boot-test-autoconfigure-2.0.3.RELEASE.jar;C:\Users\ailori\Documents\localRepository\com\jayway\jsonpath\json-path\2.4.0\json-path-2.4.0.jar;C:\Users\ailori\Documents\localRepository\net\minidev\json-smart\2.3\json-smart-2.3.jar;C:\Users\ailori\Documents\localRepository\net\minidev\accessors-smart\1.2\accessors-smart-1.2.jar;C:\Users\ailori\Documents\localRepository\org\ow2\asm\asm\5.0.4\asm-5.0.4.jar;C:\Users\ailori\Documents\localRepository\org\slf4j\slf4j-api\1.7.25\slf4j-api-1.7.25.jar;C:\Users\ailori\Documents\localRepository\junit\junit\4.12\junit-4.12.jar;C:\Users\ailori\Documents\localRepository\org\assertj\assertj-core\3.9.1\assertj-core-3.9.1.jar;C:\Users\ailori\Documents\localRepository\org\mockito\mockito-core\2.15.0\mockito-core-2.15.0.jar;C:\Users\ailori\Documents\localRepository\net\bytebuddy\byte-buddy\1.7.11\byte-buddy-1.7.11.jar;C:\Users\ailori\Documents\localRepository\net\bytebuddy\byte-buddy-agent\1.7.11\byte-buddy-agent-1.7.11.jar;C:\Users\ailori\Documents\localRepository\org\objenesis\objenesis\2.6\objenesis-2.6.jar;C:\Users\ailori\Documents\localRepository\org\hamcrest\hamcrest-core\1.3\hamcrest-core-1.3.jar;C:\Users\ailori\Documents\localRepository\org\hamcrest\hamcrest-library\1.3\hamcrest-library-1.3.jar;C:\Users\ailori\Documents\localRepository\org\skyscreamer\jsonassert\1.5.0\jsonassert-1.5.0.jar;C:\Users\ailori\Documents\localRepository\com\vaadin\external\google\android-json\0.0.20131108.vaadin1\android-json-0.0.20131108.vaadin1.jar;C:\Users\ailori\Documents\localRepository\org\springframework\spring-core\5.0.7.RELEASE\spring-core-5.0.7.RELEASE.jar;C:\Users\ailori\Documents\localRepository\org\springframework\spring-jcl\5.0.7.RELEASE\spring-jcl-5.0.7.RELEASE.jar;C:\Users\ailori\Documents\localRepository\org\springframework\spring-test\5.0.7.RELEASE\spring-test-5.0.7.RELEASE.jar;C:\Users\ailori\Documents\localRepository\org\xmlunit\xmlunit-core\2.5.1\xmlunit-core-2.5.1.jar;"/>
    <property name="java.vm.vendor" value="Oracle Corporation"/>
    <property name="sun.arch.data.model" value="64"/>
    <property name="user.variant" value=""/>
    <property name="java.vendor.url" value="http://java.oracle.com/"/>
    <property name="user.timezone" value=""/>
    <property name="java.vm.specification.version" value="1.8"/>
    <property name="os.name" value="Windows 10"/>
    <property name="sun.java.launcher" value="SUN_STANDARD"/>
    <property name="user.country" value="US"/>
    <property name="sun.boot.library.path" value="C:\Program Files\Java\jdk1.8.0_151\jre\bin"/>
    <property name="sun.java.command" value="C:\Users\ailori\AppData\Local\Temp\surefire7572140418460481738\surefirebooter2575215755489279339.jar C:\Users\ailori\AppData\Local\Temp\surefire7572140418460481738 2019-07-04T14-19-26_371-jvmRun1 surefire918848901674932271tmp surefire_0468301747965605927tmp"/>
    <property name="test" value="bpd.graphql.TestParser"/>
    <property name="surefire.test.class.path" value="C:\Users\ailori\OneDrive - Inlaks Limited\Documents\NetBeansProjects\graphql-cbd\target\test-classes;C:\Users\ailori\OneDrive - Inlaks Limited\Documents\NetBeansProjects\graphql-cbd\target\classes;C:\Users\ailori\Documents\localRepository\org\springframework\boot\spring-boot-starter-test\2.0.3.RELEASE\spring-boot-starter-test-2.0.3.RELEASE.jar;C:\Users\ailori\Documents\localRepository\org\springframework\boot\spring-boot-starter\2.0.3.RELEASE\spring-boot-starter-2.0.3.RELEASE.jar;C:\Users\ailori\Documents\localRepository\org\springframework\boot\spring-boot\2.0.3.RELEASE\spring-boot-2.0.3.RELEASE.jar;C:\Users\ailori\Documents\localRepository\org\springframework\spring-context\5.0.7.RELEASE\spring-context-5.0.7.RELEASE.jar;C:\Users\ailori\Documents\localRepository\org\springframework\spring-aop\5.0.7.RELEASE\spring-aop-5.0.7.RELEASE.jar;C:\Users\ailori\Documents\localRepository\org\springframework\spring-beans\5.0.7.RELEASE\spring-beans-5.0.7.RELEASE.jar;C:\Users\ailori\Documents\localRepository\org\springframework\spring-expression\5.0.7.RELEASE\spring-expression-5.0.7.RELEASE.jar;C:\Users\ailori\Documents\localRepository\org\springframework\boot\spring-boot-autoconfigure\2.0.3.RELEASE\spring-boot-autoconfigure-2.0.3.RELEASE.jar;C:\Users\ailori\Documents\localRepository\org\springframework\boot\spring-boot-starter-logging\2.0.3.RELEASE\spring-boot-starter-logging-2.0.3.RELEASE.jar;C:\Users\ailori\Documents\localRepository\ch\qos\logback\logback-classic\1.2.3\logback-classic-1.2.3.jar;C:\Users\ailori\Documents\localRepository\ch\qos\logback\logback-core\1.2.3\logback-core-1.2.3.jar;C:\Users\ailori\Documents\localRepository\org\apache\logging\log4j\log4j-to-slf4j\2.10.0\log4j-to-slf4j-2.10.0.jar;C:\Users\ailori\Documents\localRepository\org\apache\logging\log4j\log4j-api\2.10.0\log4j-api-2.10.0.jar;C:\Users\ailori\Documents\localRepository\org\slf4j\jul-to-slf4j\1.7.25\jul-to-slf4j-1.7.25.jar;C:\Users\ailori\Documents\localRepository\javax\annotation\javax.annotation-api\1.3.2\javax.annotation-api-1.3.2.jar;C:\Users\ailori\Documents\localRepository\org\yaml\snakeyaml\1.19\snakeyaml-1.19.jar;C:\Users\ailori\Documents\localRepository\org\springframework\boot\spring-boot-test\2.0.3.RELEASE\spring-boot-test-2.0.3.RELEASE.jar;C:\Users\ailori\Documents\localRepository\org\springframework\boot\spring-boot-test-autoconfigure\2.0.3.RELEASE\spring-boot-test-autoconfigure-2.0.3.RELEASE.jar;C:\Users\ailori\Documents\localRepository\com\jayway\jsonpath\json-path\2.4.0\json-path-2.4.0.jar;C:\Users\ailori\Documents\localRepository\net\minidev\json-smart\2.3\json-smart-2.3.jar;C:\Users\ailori\Documents\localRepository\net\minidev\accessors-smart\1.2\accessors-smart-1.2.jar;C:\Users\ailori\Documents\localRepository\org\ow2\asm\asm\5.0.4\asm-5.0.4.jar;C:\Users\ailori\Documents\localRepository\org\slf4j\slf4j-api\1.7.25\slf4j-api-1.7.25.jar;C:\Users\ailori\Documents\localRepository\junit\junit\4.12\junit-4.12.jar;C:\Users\ailori\Documents\localRepository\org\assertj\assertj-core\3.9.1\assertj-core-3.9.1.jar;C:\Users\ailori\Documents\localRepository\org\mockito\mockito-core\2.15.0\mockito-core-2.15.0.jar;C:\Users\ailori\Documents\localRepository\net\bytebuddy\byte-buddy\1.7.11\byte-buddy-1.7.11.jar;C:\Users\ailori\Documents\localRepository\net\bytebuddy\byte-buddy-agent\1.7.11\byte-buddy-agent-1.7.11.jar;C:\Users\ailori\Documents\localRepository\org\objenesis\objenesis\2.6\objenesis-2.6.jar;C:\Users\ailori\Documents\localRepository\org\hamcrest\hamcrest-core\1.3\hamcrest-core-1.3.jar;C:\Users\ailori\Documents\localRepository\org\hamcrest\hamcrest-library\1.3\hamcrest-library-1.3.jar;C:\Users\ailori\Documents\localRepository\org\skyscreamer\jsonassert\1.5.0\jsonassert-1.5.0.jar;C:\Users\ailori\Documents\localRepository\com\vaadin\external\google\android-json\0.0.20131108.vaadin1\android-json-0.0.20131108.vaadin1.jar;C:\Users\ailori\Documents\localRepository\org\springframework\spring-core\5.0.7.RELEASE\spring-core-5.0.7.RELEASE.jar;C:\Users\ailori\Documents\localRepository\org\springframework\spring-jcl\5.0.7.RELEASE\spring-jcl-5.0.7.RELEASE.jar;C:\Users\ailori\Documents\localRepository\org\springframework\spring-test\5.0.7.RELEASE\spring-test-5.0.7.RELEASE.jar;C:\Users\ailori\Documents\localRepository\org\xmlunit\xmlunit-core\2.5.1\xmlunit-core-2.5.1.jar;"/>
    <property name="sun.cpu.endian" value="little"/>
    <property name="user.home" value="C:\Users\ailori"/>
    <property name="user.language" value="en"/>
    <property name="java.specification.vendor" value="Oracle Corporation"/>
    <property name="java.home" value="C:\Program Files\Java\jdk1.8.0_151\jre"/>
    <property name="basedir" value="C:\Users\ailori\OneDrive - Inlaks Limited\Documents\NetBeansProjects\graphql-cbd"/>
    <property name="file.separator" value="\"/>
    <property name="line.separator" value="&#10;"/>
    <property name="java.vm.specification.vendor" value="Oracle Corporation"/>
    <property name="java.specification.name" value="Java Platform API Specification"/>
    <property name="java.awt.graphicsenv" value="sun.awt.Win32GraphicsEnvironment"/>
    <property name="surefire.real.class.path" value="C:\Users\ailori\AppData\Local\Temp\surefire7572140418460481738\surefirebooter2575215755489279339.jar"/>
    <property name="sun.boot.class.path" value="C:\Program Files\Java\jdk1.8.0_151\jre\lib\resources.jar;C:\Program Files\Java\jdk1.8.0_151\jre\lib\rt.jar;C:\Program Files\Java\jdk1.8.0_151\jre\lib\sunrsasign.jar;C:\Program Files\Java\jdk1.8.0_151\jre\lib\jsse.jar;C:\Program Files\Java\jdk1.8.0_151\jre\lib\jce.jar;C:\Program Files\Java\jdk1.8.0_151\jre\lib\charsets.jar;C:\Program Files\Java\jdk1.8.0_151\jre\lib\jfr.jar;C:\Program Files\Java\jdk1.8.0_151\jre\classes"/>
    <property name="user.script" value=""/>
    <property name="sun.management.compiler" value="HotSpot 64-Bit Tiered Compilers"/>
    <property name="java.runtime.version" value="1.8.0_151-b12"/>
    <property name="user.name" value="ailori"/>
    <property name="path.separator" value=";"/>
    <property name="os.version" value="10.0"/>
    <property name="java.endorsed.dirs" value="C:\Program Files\Java\jdk1.8.0_151\jre\lib\endorsed"/>
    <property name="java.runtime.name" value="Java(TM) SE Runtime Environment"/>
    <property name="file.encoding" value="UTF-8"/>
    <property name="java.vm.name" value="Java HotSpot(TM) 64-Bit Server VM"/>
    <property name="maven.ext.class.path" value="C:\Program Files\NetBeans 8.2\java\maven-nblib\netbeans-eventspy.jar"/>
    <property name="localRepository" value="C:\Users\ailori\Documents\localRepository"/>
    <property name="java.vendor.url.bug" value="http://bugreport.sun.com/bugreport/"/>
    <property name="java.io.tmpdir" value="C:\Users\ailori\AppData\Local\Temp\"/>
    <property name="java.version" value="1.8.0_151"/>
    <property name="user.dir" value="C:\Users\ailori\OneDrive - Inlaks Limited\Documents\NetBeansProjects\graphql-cbd"/>
    <property name="os.arch" value="amd64"/>
    <property name="java.vm.specification.name" value="Java Virtual Machine Specification"/>
    <property name="java.awt.printerjob" value="sun.awt.windows.WPrinterJob"/>
    <property name="sun.os.patch.level" value=""/>
    <property name="java.library.path" value="C:\Program Files\Java\jdk1.8.0_151\jre\bin;C:\WINDOWS\Sun\Java\bin;C:\WINDOWS\system32;C:\WINDOWS;C:\oraclexe\app\oracle\product\11.2.0\server\bin;C:\Program Files\Microsoft MPI\Bin\;C:\Program Files (x86)\Common Files\Oracle\Java\javapath;C:\ProgramData\Oracle\Java\javapath;C:\WINDOWS\system32;C:\WINDOWS;C:\WINDOWS\System32\Wbem;C:\WINDOWS\System32\WindowsPowerShell\v1.0\;C:\Program Files\SAP\SAP Business One DI API\JCO\LIB\;C:\Program Files\SAP\SAP Business One DI API\DI API 90;C:\Program Files\SAP\SAP Business One\;C:\Users\SAADEN~1.INL\AppData\Roaming\npm;C:\Program Files\Java\jdk1.8.0_151\bin;C:\Users\saadeniyi.INLAKS\AppData\Local\Android\Sdk\platform-tools;C:\Program Files\Git\bin\git.exe;C:\Program Files\Git\cmd;C:\WINDOWS\System32\OpenSSH\;C:\Program Files (x86)\MySQL\MySQL Server 5.0\bin;C:\Program Files\apache-maven-3.5.4\bin;C:\Program Files\PuTTY\;C:\Program Files (x86)\Microsoft SQL Server\140\Tools\Binn\;C:\Program Files\Microsoft SQL Server\140\Tools\Binn\;C:\Program Files (x86)\Microsoft SQL Server\140\DTS\Binn\;C:\Program Files\Microsoft SQL Server\140\DTS\Binn\;C:\Program Files\Microsoft SQL Server\Client SDK\ODBC\130\Tools\Binn\;C:\Program Files (x86)\Microsoft SQL Server\Client SDK\ODBC\130\Tools\Binn\;C:\Program Files (x86)\Microsoft SQL Server\140\Tools\Binn\ManagementStudio\;C:\Program Files\OpenSSH\bin;C:\Users\ailori\Documents\servers\api manager wso2\\bin;C:\wamp64\bin\php\php7.3.1;C:\composer;C:\Program Files\nodejs\;C:\Program Files\Microsoft VS Code\bin;C:\OpenSSL\bin;C:\Users\ailori\AppData\Local\Programs\Python\Python37-32\Scripts\;C:\Users\ailori\AppData\Local\Programs\Python\Python37-32\;C:\Ruby24-x64\bin;C:\Users\ailori\AppData\Local\Microsoft\WindowsApps;C:\Users\ailori\AppData\Local\atom\bin;C:\Program Files\heroku\bin;C:\Users\ailori\AppData\Roaming\Composer\vendor\bin;C:\Users\ailori\AppData\Roaming\npm;."/>
    <property name="java.vm.info" value="mixed mode"/>
    <property name="java.vendor" value="Oracle Corporation"/>
    <property name="java.vm.version" value="25.151-b12"/>
    <property name="java.ext.dirs" value="C:\Program Files\Java\jdk1.8.0_151\jre\lib\ext;C:\WINDOWS\Sun\Java\lib\ext"/>
    <property name="sun.io.unicode.encoding" value="UnicodeLittle"/>
    <property name="java.class.version" value="52.0"/>
  </properties>
  <testcase name="contextLoads" classname="bpd.graphql.TestParser" time="1.004"/>
</testsuite>